<?xml version="1.0" encoding="UTF-8"?>
<!-- Generated by org.testng.reporters.JUnitXMLReporter -->
<testsuite hostname="LAPTOP-6EGRTG47" ignored="0" name="Test" tests="1" failures="1" timestamp="23 Jun 2021 10:58:51 GMT" time="17.414" errors="0">
  <testcase name="loginTest" time="2.363" classname="testCases.TC_001">
    <failure type="java.lang.AssertionError" message="expected [https://www.naukri.com/mnjuser/homepage] but found [https://www.naukri.com/]">
      <![CDATA[java.lang.AssertionError: expected [https://www.naukri.com/mnjuser/homepage] but found [https://www.naukri.com/]
at com.MenuPages.LoginPage.clickSubmitButton(LoginPage.java:59)
at testCases.TC_001.loginTest(TC_001.java:17)
... Removed 31 stack frames]]>
    </failure>
  </testcase> <!-- loginTest -->
</testsuite> <!-- Test -->
